<?xml version="1.0" encoding="UTF-8"?>
<coverage generated="1579364421535" clover="3.2.0">
  <project timestamp="1579364421535" name="All files">
    <metrics statements="97" coveredstatements="96" conditionals="63" coveredconditionals="62" methods="14" coveredmethods="14" elements="174" coveredelements="172" complexity="0" loc="97" ncloc="97" packages="2" files="2" classes="2"/>
    <package name="controllers">
      <metrics statements="93" coveredstatements="92" conditionals="63" coveredconditionals="62" methods="13" coveredmethods="13"/>
      <file name="delivery-controller.js" path="/Users/juster/Work/EkoDelivery/controllers/delivery-controller.js">
        <metrics statements="93" coveredstatements="92" conditionals="63" coveredconditionals="62" methods="13" coveredmethods="13"/>
        <line num="1" count="1" type="stmt"/>
        <line num="3" count="1" type="stmt"/>
        <line num="17" count="1" type="stmt"/>
        <line num="18" count="1" type="stmt"/>
        <line num="20" count="1" type="cond" truecount="1" falsecount="0"/>
        <line num="21" count="340" type="stmt"/>
        <line num="22" count="34" type="cond" truecount="1" falsecount="1"/>
        <line num="23" count="0" type="stmt"/>
        <line num="25" count="34" type="stmt"/>
        <line num="26" count="58" type="stmt"/>
        <line num="27" count="58" type="stmt"/>
        <line num="28" count="176" type="stmt"/>
        <line num="29" count="176" type="stmt"/>
        <line num="30" count="58" type="cond" truecount="5" falsecount="0"/>
        <line num="31" count="40" type="cond" truecount="2" falsecount="0"/>
        <line num="32" count="10" type="stmt"/>
        <line num="33" count="10" type="stmt"/>
        <line num="35" count="30" type="stmt"/>
        <line num="40" count="1" type="stmt"/>
        <line num="41" count="9" type="stmt"/>
        <line num="46" count="9" type="cond" truecount="5" falsecount="0"/>
        <line num="47" count="5" type="stmt"/>
        <line num="48" count="5" type="stmt"/>
        <line num="51" count="4" type="stmt"/>
        <line num="52" count="4" type="stmt"/>
        <line num="53" count="4" type="stmt"/>
        <line num="54" count="4" type="stmt"/>
        <line num="55" count="4" type="stmt"/>
        <line num="56" count="4" type="stmt"/>
        <line num="57" count="4" type="stmt"/>
        <line num="58" count="4" type="stmt"/>
        <line num="59" count="4" type="stmt"/>
        <line num="62" count="1" type="stmt"/>
        <line num="65" count="1" type="stmt"/>
        <line num="66" count="7" type="cond" truecount="4" falsecount="0"/>
        <line num="67" count="2" type="stmt"/>
        <line num="69" count="5" type="stmt"/>
        <line num="70" count="5" type="stmt"/>
        <line num="71" count="9" type="stmt"/>
        <line num="72" count="9" type="stmt"/>
        <line num="73" count="48" type="cond" truecount="2" falsecount="0"/>
        <line num="74" count="9" type="cond" truecount="2" falsecount="0"/>
        <line num="75" count="2" type="stmt"/>
        <line num="77" count="7" type="stmt"/>
        <line num="79" count="3" type="stmt"/>
        <line num="82" count="1" type="stmt"/>
        <line num="83" count="9" type="stmt"/>
        <line num="87" count="9" type="cond" truecount="4" falsecount="0"/>
        <line num="88" count="2" type="stmt"/>
        <line num="89" count="2" type="stmt"/>
        <line num="92" count="7" type="stmt"/>
        <line num="93" count="7" type="stmt"/>
        <line num="94" count="7" type="stmt"/>
        <line num="95" count="7" type="stmt"/>
        <line num="96" count="7" type="stmt"/>
        <line num="99" count="1" type="stmt"/>
        <line num="101" count="1" type="cond" truecount="2" falsecount="0"/>
        <line num="102" count="1010" type="stmt"/>
        <line num="103" count="101" type="cond" truecount="5" falsecount="0"/>
        <line num="104" count="6" type="stmt"/>
        <line num="106" count="214" type="stmt"/>
        <line num="107" count="95" type="stmt"/>
        <line num="108" count="159" type="stmt"/>
        <line num="109" count="159" type="stmt"/>
        <line num="111" count="491" type="stmt"/>
        <line num="113" count="159" type="cond" truecount="2" falsecount="0"/>
        <line num="114" count="20" type="stmt"/>
        <line num="116" count="139" type="cond" truecount="4" falsecount="0"/>
        <line num="117" count="6" type="stmt"/>
        <line num="133" count="133" type="cond" truecount="2" falsecount="0"/>
        <line num="134" count="41" type="stmt"/>
        <line num="136" count="92" type="stmt"/>
        <line num="143" count="92" type="stmt"/>
        <line num="146" count="95" type="stmt"/>
        <line num="149" count="1" type="stmt"/>
        <line num="150" count="19" type="stmt"/>
        <line num="154" count="19" type="cond" truecount="5" falsecount="0"/>
        <line num="155" count="4" type="stmt"/>
        <line num="156" count="4" type="stmt"/>
        <line num="159" count="15" type="stmt"/>
        <line num="160" count="15" type="stmt"/>
        <line num="161" count="15" type="cond" truecount="2" falsecount="0"/>
        <line num="162" count="15" type="cond" truecount="2" falsecount="0"/>
        <line num="163" count="15" type="cond" truecount="2" falsecount="0"/>
        <line num="164" count="15" type="cond" truecount="8" falsecount="0"/>
        <line num="165" count="6" type="stmt"/>
        <line num="166" count="6" type="stmt"/>
        <line num="168" count="9" type="stmt"/>
        <line num="175" count="9" type="stmt"/>
        <line num="176" count="9" type="cond" truecount="2" falsecount="0"/>
        <line num="177" count="9" type="stmt"/>
        <line num="178" count="9" type="stmt"/>
        <line num="181" count="1" type="stmt"/>
      </file>
    </package>
    <package name="models">
      <metrics statements="4" coveredstatements="4" conditionals="0" coveredconditionals="0" methods="1" coveredmethods="1"/>
      <file name="Route.js" path="/Users/juster/Work/EkoDelivery/models/Route.js">
        <metrics statements="4" coveredstatements="4" conditionals="0" coveredconditionals="0" methods="1" coveredmethods="1"/>
        <line num="3" count="10" type="stmt"/>
        <line num="4" count="10" type="stmt"/>
        <line num="5" count="10" type="stmt"/>
        <line num="9" count="1" type="stmt"/>
      </file>
    </package>
  </project>
</coverage>
