{"/Users/juster/Work/EkoDelivery/controllers/delivery-controller.js": {"path":"/Users/juster/Work/EkoDelivery/controllers/delivery-controller.js","statementMap":{"0":{"start":{"line":1,"column":14},"end":{"line":1,"column":40}},"1":{"start":{"line":3,"column":15},"end":{"line":14,"column":1}},"2":{"start":{"line":17,"column":17},"end":{"line":17,"column":21}},"3":{"start":{"line":18,"column":16},"end":{"line":18,"column":17}},"4":{"start":{"line":20,"column":28},"end":{"line":39,"column":1}},"5":{"start":{"line":21,"column":23},"end":{"line":21,"column":58}},"6":{"start":{"line":21,"column":42},"end":{"line":21,"column":57}},"7":{"start":{"line":22,"column":4},"end":{"line":24,"column":5}},"8":{"start":{"line":23,"column":8},"end":{"line":23,"column":14}},"9":{"start":{"line":25,"column":4},"end":{"line":38,"column":5}},"10":{"start":{"line":25,"column":16},"end":{"line":25,"column":17}},"11":{"start":{"line":26,"column":22},"end":{"line":26,"column":34}},"12":{"start":{"line":27,"column":25},"end":{"line":27,"column":42}},"13":{"start":{"line":28,"column":26},"end":{"line":28,"column":84}},"14":{"start":{"line":28,"column":58},"end":{"line":28,"column":79}},"15":{"start":{"line":29,"column":33},"end":{"line":29,"column":77}},"16":{"start":{"line":29,"column":54},"end":{"line":29,"column":65}},"17":{"start":{"line":30,"column":8},"end":{"line":37,"column":9}},"18":{"start":{"line":31,"column":12},"end":{"line":36,"column":13}},"19":{"start":{"line":32,"column":16},"end":{"line":32,"column":38}},"20":{"start":{"line":33,"column":16},"end":{"line":33,"column":38}},"21":{"start":{"line":35,"column":16},"end":{"line":35,"column":60}},"22":{"start":{"line":40,"column":28},"end":{"line":60,"column":1}},"23":{"start":{"line":41,"column":19},"end":{"line":45,"column":5}},"24":{"start":{"line":46,"column":4},"end":{"line":49,"column":5}},"25":{"start":{"line":47,"column":8},"end":{"line":47,"column":25}},"26":{"start":{"line":48,"column":8},"end":{"line":48,"column":15}},"27":{"start":{"line":51,"column":17},"end":{"line":51,"column":30}},"28":{"start":{"line":52,"column":15},"end":{"line":52,"column":26}},"29":{"start":{"line":53,"column":4},"end":{"line":53,"column":22}},"30":{"start":{"line":54,"column":4},"end":{"line":54,"column":18}},"31":{"start":{"line":55,"column":4},"end":{"line":55,"column":34}},"32":{"start":{"line":56,"column":4},"end":{"line":56,"column":41}},"33":{"start":{"line":57,"column":4},"end":{"line":57,"column":28}},"34":{"start":{"line":58,"column":4},"end":{"line":58,"column":30}},"35":{"start":{"line":59,"column":4},"end":{"line":59,"column":21}},"36":{"start":{"line":62,"column":0},"end":{"line":62,"column":57}},"37":{"start":{"line":65,"column":15},"end":{"line":80,"column":1}},"38":{"start":{"line":66,"column":4},"end":{"line":68,"column":5}},"39":{"start":{"line":67,"column":8},"end":{"line":67,"column":20}},"40":{"start":{"line":69,"column":15},"end":{"line":69,"column":16}},"41":{"start":{"line":70,"column":4},"end":{"line":78,"column":5}},"42":{"start":{"line":70,"column":16},"end":{"line":70,"column":17}},"43":{"start":{"line":71,"column":21},"end":{"line":71,"column":31}},"44":{"start":{"line":72,"column":19},"end":{"line":72,"column":33}},"45":{"start":{"line":73,"column":22},"end":{"line":73,"column":70}},"46":{"start":{"line":73,"column":39},"end":{"line":73,"column":69}},"47":{"start":{"line":74,"column":8},"end":{"line":76,"column":9}},"48":{"start":{"line":75,"column":12},"end":{"line":75,"column":24}},"49":{"start":{"line":77,"column":8},"end":{"line":77,"column":27}},"50":{"start":{"line":79,"column":4},"end":{"line":79,"column":16}},"51":{"start":{"line":82,"column":24},"end":{"line":97,"column":1}},"52":{"start":{"line":83,"column":19},"end":{"line":86,"column":5}},"53":{"start":{"line":87,"column":4},"end":{"line":90,"column":5}},"54":{"start":{"line":88,"column":8},"end":{"line":88,"column":25}},"55":{"start":{"line":89,"column":8},"end":{"line":89,"column":15}},"56":{"start":{"line":92,"column":20},"end":{"line":92,"column":36}},"57":{"start":{"line":93,"column":17},"end":{"line":93,"column":33}},"58":{"start":{"line":94,"column":4},"end":{"line":94,"column":35}},"59":{"start":{"line":95,"column":4},"end":{"line":95,"column":23}},"60":{"start":{"line":96,"column":4},"end":{"line":96,"column":21}},"61":{"start":{"line":99,"column":0},"end":{"line":99,"column":49}},"62":{"start":{"line":101,"column":24},"end":{"line":147,"column":1}},"63":{"start":{"line":102,"column":22},"end":{"line":102,"column":66}},"64":{"start":{"line":102,"column":41},"end":{"line":102,"column":65}},"65":{"start":{"line":103,"column":4},"end":{"line":105,"column":5}},"66":{"start":{"line":104,"column":8},"end":{"line":104,"column":14}},"67":{"start":{"line":106,"column":22},"end":{"line":106,"column":77}},"68":{"start":{"line":106,"column":51},"end":{"line":106,"column":72}},"69":{"start":{"line":107,"column":4},"end":{"line":145,"column":5}},"70":{"start":{"line":107,"column":16},"end":{"line":107,"column":17}},"71":{"start":{"line":108,"column":22},"end":{"line":108,"column":34}},"72":{"start":{"line":109,"column":25},"end":{"line":109,"column":42}},"73":{"start":{"line":111,"column":30},"end":{"line":111,"column":70}},"74":{"start":{"line":111,"column":51},"end":{"line":111,"column":62}},"75":{"start":{"line":113,"column":8},"end":{"line":115,"column":9}},"76":{"start":{"line":114,"column":12},"end":{"line":114,"column":21}},"77":{"start":{"line":116,"column":8},"end":{"line":118,"column":9}},"78":{"start":{"line":117,"column":12},"end":{"line":117,"column":21}},"79":{"start":{"line":133,"column":8},"end":{"line":144,"column":9}},"80":{"start":{"line":134,"column":12},"end":{"line":134,"column":35}},"81":{"start":{"line":136,"column":32},"end":{"line":142,"column":13}},"82":{"start":{"line":143,"column":12},"end":{"line":143,"column":60}},"83":{"start":{"line":146,"column":4},"end":{"line":146,"column":19}},"84":{"start":{"line":149,"column":27},"end":{"line":179,"column":1}},"85":{"start":{"line":150,"column":19},"end":{"line":153,"column":5}},"86":{"start":{"line":154,"column":4},"end":{"line":157,"column":5}},"87":{"start":{"line":155,"column":8},"end":{"line":155,"column":25}},"88":{"start":{"line":156,"column":8},"end":{"line":156,"column":15}},"89":{"start":{"line":159,"column":17},"end":{"line":159,"column":30}},"90":{"start":{"line":160,"column":15},"end":{"line":160,"column":26}},"91":{"start":{"line":161,"column":20},"end":{"line":161,"column":41}},"92":{"start":{"line":162,"column":20},"end":{"line":162,"column":41}},"93":{"start":{"line":163,"column":26},"end":{"line":163,"column":53}},"94":{"start":{"line":164,"column":4},"end":{"line":167,"column":5}},"95":{"start":{"line":165,"column":8},"end":{"line":165,"column":25}},"96":{"start":{"line":166,"column":8},"end":{"line":166,"column":15}},"97":{"start":{"line":168,"column":21},"end":{"line":174,"column":5}},"98":{"start":{"line":175,"column":19},"end":{"line":175,"column":44}},"99":{"start":{"line":176,"column":4},"end":{"line":176,"column":60}},"100":{"start":{"line":177,"column":4},"end":{"line":177,"column":27}},"101":{"start":{"line":178,"column":4},"end":{"line":178,"column":21}},"102":{"start":{"line":181,"column":0},"end":{"line":181,"column":55}}},"fnMap":{"0":{"name":"(anonymous_0)","decl":{"start":{"line":20,"column":28},"end":{"line":20,"column":29}},"loc":{"start":{"line":20,"column":54},"end":{"line":39,"column":1}},"line":20},"1":{"name":"(anonymous_1)","decl":{"start":{"line":21,"column":37},"end":{"line":21,"column":38}},"loc":{"start":{"line":21,"column":42},"end":{"line":21,"column":57}},"line":21},"2":{"name":"(anonymous_2)","decl":{"start":{"line":28,"column":42},"end":{"line":28,"column":43}},"loc":{"start":{"line":28,"column":56},"end":{"line":28,"column":80}},"line":28},"3":{"name":"(anonymous_3)","decl":{"start":{"line":29,"column":49},"end":{"line":29,"column":50}},"loc":{"start":{"line":29,"column":54},"end":{"line":29,"column":65}},"line":29},"4":{"name":"(anonymous_4)","decl":{"start":{"line":40,"column":28},"end":{"line":40,"column":29}},"loc":{"start":{"line":40,"column":42},"end":{"line":60,"column":1}},"line":40},"5":{"name":"(anonymous_5)","decl":{"start":{"line":65,"column":15},"end":{"line":65,"column":16}},"loc":{"start":{"line":65,"column":28},"end":{"line":80,"column":1}},"line":65},"6":{"name":"(anonymous_6)","decl":{"start":{"line":73,"column":34},"end":{"line":73,"column":35}},"loc":{"start":{"line":73,"column":39},"end":{"line":73,"column":69}},"line":73},"7":{"name":"(anonymous_7)","decl":{"start":{"line":82,"column":24},"end":{"line":82,"column":25}},"loc":{"start":{"line":82,"column":38},"end":{"line":97,"column":1}},"line":82},"8":{"name":"(anonymous_8)","decl":{"start":{"line":101,"column":24},"end":{"line":101,"column":25}},"loc":{"start":{"line":101,"column":64},"end":{"line":147,"column":1}},"line":101},"9":{"name":"(anonymous_9)","decl":{"start":{"line":102,"column":36},"end":{"line":102,"column":37}},"loc":{"start":{"line":102,"column":41},"end":{"line":102,"column":65}},"line":102},"10":{"name":"(anonymous_10)","decl":{"start":{"line":106,"column":35},"end":{"line":106,"column":36}},"loc":{"start":{"line":106,"column":49},"end":{"line":106,"column":73}},"line":106},"11":{"name":"(anonymous_11)","decl":{"start":{"line":111,"column":46},"end":{"line":111,"column":47}},"loc":{"start":{"line":111,"column":51},"end":{"line":111,"column":62}},"line":111},"12":{"name":"(anonymous_12)","decl":{"start":{"line":149,"column":27},"end":{"line":149,"column":28}},"loc":{"start":{"line":149,"column":41},"end":{"line":179,"column":1}},"line":149}},"branchMap":{"0":{"loc":{"start":{"line":20,"column":39},"end":{"line":20,"column":49}},"type":"default-arg","locations":[{"start":{"line":20,"column":47},"end":{"line":20,"column":49}}],"line":20},"1":{"loc":{"start":{"line":22,"column":4},"end":{"line":24,"column":5}},"type":"if","locations":[{"start":{"line":22,"column":4},"end":{"line":24,"column":5}},{"start":{"line":22,"column":4},"end":{"line":24,"column":5}}],"line":22},"2":{"loc":{"start":{"line":30,"column":8},"end":{"line":37,"column":9}},"type":"if","locations":[{"start":{"line":30,"column":8},"end":{"line":37,"column":9}},{"start":{"line":30,"column":8},"end":{"line":37,"column":9}}],"line":30},"3":{"loc":{"start":{"line":30,"column":11},"end":{"line":30,"column":74}},"type":"binary-expr","locations":[{"start":{"line":30,"column":11},"end":{"line":30,"column":28}},{"start":{"line":30,"column":33},"end":{"line":30,"column":48}},{"start":{"line":30,"column":52},"end":{"line":30,"column":73}}],"line":30},"4":{"loc":{"start":{"line":31,"column":12},"end":{"line":36,"column":13}},"type":"if","locations":[{"start":{"line":31,"column":12},"end":{"line":36,"column":13}},{"start":{"line":31,"column":12},"end":{"line":36,"column":13}}],"line":31},"5":{"loc":{"start":{"line":46,"column":4},"end":{"line":49,"column":5}},"type":"if","locations":[{"start":{"line":46,"column":4},"end":{"line":49,"column":5}},{"start":{"line":46,"column":4},"end":{"line":49,"column":5}}],"line":46},"6":{"loc":{"start":{"line":46,"column":7},"end":{"line":46,"column":50}},"type":"binary-expr","locations":[{"start":{"line":46,"column":7},"end":{"line":46,"column":16}},{"start":{"line":46,"column":20},"end":{"line":46,"column":34}},{"start":{"line":46,"column":38},"end":{"line":46,"column":50}}],"line":46},"7":{"loc":{"start":{"line":66,"column":4},"end":{"line":68,"column":5}},"type":"if","locations":[{"start":{"line":66,"column":4},"end":{"line":68,"column":5}},{"start":{"line":66,"column":4},"end":{"line":68,"column":5}}],"line":66},"8":{"loc":{"start":{"line":66,"column":7},"end":{"line":66,"column":37}},"type":"binary-expr","locations":[{"start":{"line":66,"column":7},"end":{"line":66,"column":15}},{"start":{"line":66,"column":19},"end":{"line":66,"column":37}}],"line":66},"9":{"loc":{"start":{"line":73,"column":39},"end":{"line":73,"column":69}},"type":"binary-expr","locations":[{"start":{"line":73,"column":39},"end":{"line":73,"column":54}},{"start":{"line":73,"column":58},"end":{"line":73,"column":69}}],"line":73},"10":{"loc":{"start":{"line":74,"column":8},"end":{"line":76,"column":9}},"type":"if","locations":[{"start":{"line":74,"column":8},"end":{"line":76,"column":9}},{"start":{"line":74,"column":8},"end":{"line":76,"column":9}}],"line":74},"11":{"loc":{"start":{"line":87,"column":4},"end":{"line":90,"column":5}},"type":"if","locations":[{"start":{"line":87,"column":4},"end":{"line":90,"column":5}},{"start":{"line":87,"column":4},"end":{"line":90,"column":5}}],"line":87},"12":{"loc":{"start":{"line":87,"column":7},"end":{"line":87,"column":37}},"type":"binary-expr","locations":[{"start":{"line":87,"column":7},"end":{"line":87,"column":16}},{"start":{"line":87,"column":20},"end":{"line":87,"column":37}}],"line":87},"13":{"loc":{"start":{"line":101,"column":35},"end":{"line":101,"column":45}},"type":"default-arg","locations":[{"start":{"line":101,"column":43},"end":{"line":101,"column":45}}],"line":101},"14":{"loc":{"start":{"line":101,"column":47},"end":{"line":101,"column":59}},"type":"default-arg","locations":[{"start":{"line":101,"column":57},"end":{"line":101,"column":59}}],"line":101},"15":{"loc":{"start":{"line":103,"column":4},"end":{"line":105,"column":5}},"type":"if","locations":[{"start":{"line":103,"column":4},"end":{"line":105,"column":5}},{"start":{"line":103,"column":4},"end":{"line":105,"column":5}}],"line":103},"16":{"loc":{"start":{"line":103,"column":7},"end":{"line":103,"column":91}},"type":"binary-expr","locations":[{"start":{"line":103,"column":7},"end":{"line":103,"column":29}},{"start":{"line":103,"column":34},"end":{"line":103,"column":54}},{"start":{"line":103,"column":58},"end":{"line":103,"column":90}}],"line":103},"17":{"loc":{"start":{"line":113,"column":8},"end":{"line":115,"column":9}},"type":"if","locations":[{"start":{"line":113,"column":8},"end":{"line":115,"column":9}},{"start":{"line":113,"column":8},"end":{"line":115,"column":9}}],"line":113},"18":{"loc":{"start":{"line":116,"column":8},"end":{"line":118,"column":9}},"type":"if","locations":[{"start":{"line":116,"column":8},"end":{"line":118,"column":9}},{"start":{"line":116,"column":8},"end":{"line":118,"column":9}}],"line":116},"19":{"loc":{"start":{"line":116,"column":11},"end":{"line":116,"column":76}},"type":"binary-expr","locations":[{"start":{"line":116,"column":11},"end":{"line":116,"column":31}},{"start":{"line":116,"column":35},"end":{"line":116,"column":76}}],"line":116},"20":{"loc":{"start":{"line":133,"column":8},"end":{"line":144,"column":9}},"type":"if","locations":[{"start":{"line":133,"column":8},"end":{"line":144,"column":9}},{"start":{"line":133,"column":8},"end":{"line":144,"column":9}}],"line":133},"21":{"loc":{"start":{"line":154,"column":4},"end":{"line":157,"column":5}},"type":"if","locations":[{"start":{"line":154,"column":4},"end":{"line":157,"column":5}},{"start":{"line":154,"column":4},"end":{"line":157,"column":5}}],"line":154},"22":{"loc":{"start":{"line":154,"column":7},"end":{"line":154,"column":50}},"type":"binary-expr","locations":[{"start":{"line":154,"column":7},"end":{"line":154,"column":16}},{"start":{"line":154,"column":20},"end":{"line":154,"column":34}},{"start":{"line":154,"column":38},"end":{"line":154,"column":50}}],"line":154},"23":{"loc":{"start":{"line":161,"column":20},"end":{"line":161,"column":41}},"type":"binary-expr","locations":[{"start":{"line":161,"column":20},"end":{"line":161,"column":36}},{"start":{"line":161,"column":40},"end":{"line":161,"column":41}}],"line":161},"24":{"loc":{"start":{"line":162,"column":20},"end":{"line":162,"column":41}},"type":"binary-expr","locations":[{"start":{"line":162,"column":20},"end":{"line":162,"column":36}},{"start":{"line":162,"column":40},"end":{"line":162,"column":41}}],"line":162},"25":{"loc":{"start":{"line":163,"column":26},"end":{"line":163,"column":53}},"type":"binary-expr","locations":[{"start":{"line":163,"column":26},"end":{"line":163,"column":48}},{"start":{"line":163,"column":52},"end":{"line":163,"column":53}}],"line":163},"26":{"loc":{"start":{"line":164,"column":4},"end":{"line":167,"column":5}},"type":"if","locations":[{"start":{"line":164,"column":4},"end":{"line":167,"column":5}},{"start":{"line":164,"column":4},"end":{"line":167,"column":5}}],"line":164},"27":{"loc":{"start":{"line":164,"column":7},"end":{"line":164,"column":114}},"type":"binary-expr","locations":[{"start":{"line":164,"column":7},"end":{"line":164,"column":21}},{"start":{"line":164,"column":25},"end":{"line":164,"column":39}},{"start":{"line":164,"column":43},"end":{"line":164,"column":63}},{"start":{"line":164,"column":67},"end":{"line":164,"column":78}},{"start":{"line":164,"column":82},"end":{"line":164,"column":93}},{"start":{"line":164,"column":97},"end":{"line":164,"column":114}}],"line":164},"28":{"loc":{"start":{"line":176,"column":22},"end":{"line":176,"column":59}},"type":"binary-expr","locations":[{"start":{"line":176,"column":22},"end":{"line":176,"column":36}},{"start":{"line":176,"column":40},"end":{"line":176,"column":59}}],"line":176}},"s":{"0":1,"1":1,"2":1,"3":1,"4":1,"5":34,"6":340,"7":34,"8":0,"9":34,"10":34,"11":58,"12":58,"13":58,"14":176,"15":58,"16":176,"17":58,"18":40,"19":10,"20":10,"21":30,"22":1,"23":9,"24":9,"25":5,"26":5,"27":4,"28":4,"29":4,"30":4,"31":4,"32":4,"33":4,"34":4,"35":4,"36":1,"37":1,"38":7,"39":2,"40":5,"41":5,"42":5,"43":9,"44":9,"45":9,"46":48,"47":9,"48":2,"49":7,"50":3,"51":1,"52":9,"53":9,"54":2,"55":2,"56":7,"57":7,"58":7,"59":7,"60":7,"61":1,"62":1,"63":101,"64":1010,"65":101,"66":6,"67":95,"68":214,"69":95,"70":95,"71":159,"72":159,"73":159,"74":491,"75":159,"76":20,"77":139,"78":6,"79":133,"80":41,"81":92,"82":92,"83":95,"84":1,"85":19,"86":19,"87":4,"88":4,"89":15,"90":15,"91":15,"92":15,"93":15,"94":15,"95":6,"96":6,"97":9,"98":9,"99":9,"100":9,"101":9,"102":1},"f":{"0":34,"1":340,"2":176,"3":176,"4":9,"5":7,"6":48,"7":9,"8":101,"9":1010,"10":214,"11":491,"12":19},"b":{"0":[4],"1":[0,34],"2":[40,18],"3":[58,50,34],"4":[10,30],"5":[5,4],"6":[9,8,6],"7":[2,5],"8":[7,7],"9":[48,15],"10":[2,7],"11":[2,7],"12":[9,8],"13":[9],"14":[9],"15":[6,95],"16":[101,101,24],"17":[20,139],"18":[6,133],"19":[139,34],"20":[41,92],"21":[4,15],"22":[19,18,16],"23":[15,11],"24":[15,11],"25":[15,12],"26":[6,9],"27":[15,14,13,12,11,10],"28":[9,9]},"_coverageSchema":"43e27e138ebf9cfc5966b082cf9a028302ed4184","hash":"80d09226544dd2b6ce0ac467000f9c9b9b9bf999"}
,"/Users/juster/Work/EkoDelivery/models/Route.js": {"path":"/Users/juster/Work/EkoDelivery/models/Route.js","statementMap":{"0":{"start":{"line":3,"column":8},"end":{"line":3,"column":25}},"1":{"start":{"line":4,"column":8},"end":{"line":4,"column":21}},"2":{"start":{"line":5,"column":8},"end":{"line":5,"column":25}},"3":{"start":{"line":9,"column":0},"end":{"line":9,"column":23}}},"fnMap":{"0":{"name":"(anonymous_0)","decl":{"start":{"line":2,"column":4},"end":{"line":2,"column":5}},"loc":{"start":{"line":2,"column":31},"end":{"line":6,"column":5}},"line":2}},"branchMap":{},"s":{"0":10,"1":10,"2":10,"3":1},"f":{"0":10},"b":{},"_coverageSchema":"43e27e138ebf9cfc5966b082cf9a028302ed4184","hash":"2b968e742e88a986331fb9668fe20a09ada14b0b"}
}
