TN:
SF:/Users/juster/Work/EkoDelivery/controllers/delivery-controller.js
FN:20,(anonymous_0)
FN:21,(anonymous_1)
FN:28,(anonymous_2)
FN:29,(anonymous_3)
FN:40,(anonymous_4)
FN:65,(anonymous_5)
FN:73,(anonymous_6)
FN:82,(anonymous_7)
FN:101,(anonymous_8)
FN:102,(anonymous_9)
FN:106,(anonymous_10)
FN:111,(anonymous_11)
FN:140,(anonymous_12)
FNF:13
FNH:13
FNDA:34,(anonymous_0)
FNDA:340,(anonymous_1)
FNDA:176,(anonymous_2)
FNDA:176,(anonymous_3)
FNDA:9,(anonymous_4)
FNDA:7,(anonymous_5)
FNDA:48,(anonymous_6)
FNDA:9,(anonymous_7)
FNDA:1058,(anonymous_8)
FNDA:10580,(anonymous_9)
FNDA:8214,(anonymous_10)
FNDA:14626,(anonymous_11)
FNDA:23,(anonymous_12)
DA:1,1
DA:3,1
DA:17,1
DA:18,1
DA:20,1
DA:21,340
DA:22,34
DA:23,0
DA:25,34
DA:26,58
DA:27,58
DA:28,176
DA:29,176
DA:30,58
DA:31,40
DA:32,10
DA:33,10
DA:35,30
DA:40,1
DA:41,9
DA:46,9
DA:47,5
DA:48,5
DA:51,4
DA:52,4
DA:53,4
DA:54,4
DA:55,4
DA:56,4
DA:57,4
DA:58,4
DA:59,4
DA:62,1
DA:65,1
DA:66,7
DA:67,2
DA:69,5
DA:70,5
DA:71,9
DA:72,9
DA:73,48
DA:74,9
DA:75,2
DA:77,7
DA:79,3
DA:82,1
DA:83,9
DA:87,9
DA:88,2
DA:89,2
DA:92,7
DA:93,7
DA:94,7
DA:95,7
DA:96,7
DA:99,1
DA:101,1
DA:102,10580
DA:103,1058
DA:104,6
DA:106,8214
DA:107,1052
DA:108,1686
DA:109,1686
DA:111,14626
DA:113,1686
DA:114,448
DA:116,1238
DA:117,156
DA:120,1082
DA:121,370
DA:122,370
DA:123,36
DA:127,1046
DA:135,1046
DA:137,1052
DA:140,1
DA:141,23
DA:145,23
DA:146,4
DA:147,4
DA:150,19
DA:151,19
DA:152,19
DA:153,19
DA:154,19
DA:155,19
DA:156,19
DA:157,7
DA:158,7
DA:160,12
DA:168,12
DA:169,12
DA:170,12
DA:171,12
DA:174,1
LF:96
LH:95
BRDA:20,0,0,4
BRDA:22,1,0,0
BRDA:22,1,1,34
BRDA:30,2,0,40
BRDA:30,2,1,18
BRDA:30,3,0,58
BRDA:30,3,1,50
BRDA:30,3,2,34
BRDA:31,4,0,10
BRDA:31,4,1,30
BRDA:46,5,0,5
BRDA:46,5,1,4
BRDA:46,6,0,9
BRDA:46,6,1,8
BRDA:46,6,2,6
BRDA:66,7,0,2
BRDA:66,7,1,5
BRDA:66,8,0,7
BRDA:66,8,1,7
BRDA:73,9,0,48
BRDA:73,9,1,15
BRDA:74,10,0,2
BRDA:74,10,1,7
BRDA:87,11,0,2
BRDA:87,11,1,7
BRDA:87,12,0,9
BRDA:87,12,1,8
BRDA:101,13,0,12
BRDA:101,14,0,12
BRDA:103,15,0,6
BRDA:103,15,1,1052
BRDA:103,16,0,1058
BRDA:103,16,1,1058
BRDA:103,16,2,24
BRDA:113,17,0,448
BRDA:113,17,1,1238
BRDA:116,18,0,156
BRDA:116,18,1,1082
BRDA:116,19,0,1238
BRDA:116,19,1,384
BRDA:120,20,0,370
BRDA:120,20,1,712
BRDA:122,21,0,36
BRDA:122,21,1,334
BRDA:145,22,0,4
BRDA:145,22,1,19
BRDA:145,23,0,23
BRDA:145,23,1,22
BRDA:145,23,2,20
BRDA:152,24,0,19
BRDA:152,24,1,15
BRDA:153,25,0,19
BRDA:153,25,1,13
BRDA:154,26,0,19
BRDA:154,26,1,13
BRDA:155,27,0,19
BRDA:155,27,1,14
BRDA:156,28,0,7
BRDA:156,28,1,12
BRDA:156,29,0,19
BRDA:156,29,1,18
BRDA:156,29,2,17
BRDA:156,29,3,16
BRDA:156,29,4,15
BRDA:156,29,5,14
BRDA:156,29,6,13
BRDA:169,30,0,12
BRDA:169,30,1,12
BRF:68
BRH:67
end_of_record
TN:
SF:/Users/juster/Work/EkoDelivery/models/Route.js
FN:2,(anonymous_0)
FNF:1
FNH:1
FNDA:10,(anonymous_0)
DA:3,10
DA:4,10
DA:5,10
DA:9,1
LF:4
LH:4
BRF:0
BRH:0
end_of_record
